INFO: 2023/10/05 00:24:29 logger.go:36: successfully got the new MostRecentBlockNumber: 18278329
INFO: 2023/10/05 00:24:30 logger.go:36: successfully got block by block number, blockNumber: 18278329
INFO: 2023/10/05 00:24:31 logger.go:36: successfully got the new MostRecentBlockNumber: 18278329
INFO: 2023/10/05 00:24:32 logger.go:36: successfully got the new MostRecentBlockNumber: 18278329
INFO: 2023/10/05 00:24:33 logger.go:36: successfully got the new MostRecentBlockNumber: 18278329
INFO: 2023/10/05 00:24:35 logger.go:36: successfully got the new MostRecentBlockNumber: 18278329
INFO: 2023/10/05 00:24:36 logger.go:36: successfully got the new MostRecentBlockNumber: 18278329
INFO: 2023/10/05 00:24:37 logger.go:36: successfully got the new MostRecentBlockNumber: 18278329
INFO: 2023/10/05 00:24:38 logger.go:36: successfully got the new MostRecentBlockNumber: 18278329
INFO: 2023/10/05 00:24:40 logger.go:36: successfully got the new MostRecentBlockNumber: 18278330
INFO: 2023/10/05 00:24:40 logger.go:36: successfully got block by block number, blockNumber: 18278330
INFO: 2023/10/05 00:24:42 logger.go:36: successfully got the new MostRecentBlockNumber: 18278330
INFO: 2023/10/05 00:24:43 logger.go:36: successfully got the new MostRecentBlockNumber: 18278330
INFO: 2023/10/05 00:24:45 logger.go:36: successfully got the new MostRecentBlockNumber: 18278330
INFO: 2023/10/05 00:24:46 logger.go:36: successfully got the new MostRecentBlockNumber: 18278330
INFO: 2023/10/05 00:35:39 logger.go:36: successfully got the new MostRecentBlockNumber: 18278385
INFO: 2023/10/05 00:35:39 logger.go:36: successfully got block by block number, blockNumber: 18278385
INFO: 2023/10/05 00:35:41 logger.go:36: successfully got the new MostRecentBlockNumber: 18278385
INFO: 2023/10/05 00:35:42 logger.go:36: successfully got the new MostRecentBlockNumber: 18278385
INFO: 2023/10/05 00:35:43 logger.go:36: successfully got the new MostRecentBlockNumber: 18278385
INFO: 2023/10/05 00:35:44 logger.go:36: successfully got the new MostRecentBlockNumber: 18278385
INFO: 2023/10/05 00:35:46 logger.go:36: successfully got the new MostRecentBlockNumber: 18278385
INFO: 2023/10/05 00:35:47 logger.go:36: successfully got the new MostRecentBlockNumber: 18278385
INFO: 2023/10/05 00:35:48 logger.go:36: successfully got the new MostRecentBlockNumber: 18278385
INFO: 2023/10/05 00:35:49 logger.go:36: successfully got the new MostRecentBlockNumber: 18278385
INFO: 2023/10/05 00:35:51 logger.go:36: successfully got the new MostRecentBlockNumber: 18278385
INFO: 2023/10/05 00:35:52 logger.go:36: successfully got the new MostRecentBlockNumber: 18278385
INFO: 2023/10/05 00:35:53 logger.go:36: successfully got the new MostRecentBlockNumber: 18278385
INFO: 2023/10/05 00:35:54 logger.go:36: successfully got the new MostRecentBlockNumber: 18278385
INFO: 2023/10/05 00:35:56 logger.go:36: successfully got the new MostRecentBlockNumber: 18278385
INFO: 2023/10/05 00:35:57 logger.go:36: successfully got the new MostRecentBlockNumber: 18278385
INFO: 2023/10/05 00:35:58 logger.go:36: successfully got the new MostRecentBlockNumber: 18278385
INFO: 2023/10/05 00:35:59 logger.go:36: successfully got the new MostRecentBlockNumber: 18278385
INFO: 2023/10/05 00:36:01 logger.go:36: successfully got the new MostRecentBlockNumber: 18278385
INFO: 2023/10/05 00:36:02 logger.go:36: successfully got the new MostRecentBlockNumber: 18278385
INFO: 2023/10/05 00:36:03 logger.go:36: successfully got the new MostRecentBlockNumber: 18278386
INFO: 2023/10/05 00:36:04 logger.go:36: successfully got block by block number, blockNumber: 18278386
INFO: 2023/10/05 00:36:05 logger.go:36: successfully got the new MostRecentBlockNumber: 18278386
INFO: 2023/10/05 00:36:06 logger.go:36: successfully got the new MostRecentBlockNumber: 18278386
INFO: 2023/10/05 00:36:07 logger.go:36: successfully got the new MostRecentBlockNumber: 18278386
INFO: 2023/10/05 00:36:09 logger.go:36: successfully got the new MostRecentBlockNumber: 18278386
INFO: 2023/10/05 00:36:10 logger.go:36: successfully got the new MostRecentBlockNumber: 18278386
INFO: 2023/10/05 00:36:11 logger.go:36: successfully got the new MostRecentBlockNumber: 18278386
INFO: 2023/10/05 00:36:12 logger.go:36: successfully got the new MostRecentBlockNumber: 18278386
INFO: 2023/10/05 00:36:14 logger.go:36: successfully got the new MostRecentBlockNumber: 18278387
INFO: 2023/10/05 00:36:14 logger.go:36: successfully got block by block number, blockNumber: 18278387
INFO: 2023/10/05 00:36:15 logger.go:36: successfully got the new MostRecentBlockNumber: 18278387
INFO: 2023/10/05 00:36:17 logger.go:36: successfully got the new MostRecentBlockNumber: 18278387
INFO: 2023/10/05 00:36:18 logger.go:36: successfully got the new MostRecentBlockNumber: 18278387
INFO: 2023/10/05 00:36:19 logger.go:36: successfully got the new MostRecentBlockNumber: 18278387
INFO: 2023/10/05 00:36:20 logger.go:36: successfully got the new MostRecentBlockNumber: 18278387
INFO: 2023/10/05 00:36:22 logger.go:36: successfully got the new MostRecentBlockNumber: 18278387
INFO: 2023/10/05 00:36:23 logger.go:36: successfully got the new MostRecentBlockNumber: 18278387
INFO: 2023/10/05 00:36:24 logger.go:36: successfully got the new MostRecentBlockNumber: 18278387
INFO: 2023/10/05 00:36:25 logger.go:36: successfully got the new MostRecentBlockNumber: 18278388
INFO: 2023/10/05 00:36:29 logger.go:36: successfully got block by block number, blockNumber: 18278388
INFO: 2023/10/05 00:36:30 logger.go:36: successfully got the new MostRecentBlockNumber: 18278388
INFO: 2023/10/05 00:36:32 logger.go:36: successfully got the new MostRecentBlockNumber: 18278388
INFO: 2023/10/05 00:36:33 logger.go:36: successfully got the new MostRecentBlockNumber: 18278388
INFO: 2023/10/05 00:36:34 logger.go:36: successfully got the new MostRecentBlockNumber: 18278388
INFO: 2023/10/05 00:36:35 logger.go:36: successfully got the new MostRecentBlockNumber: 18278388
INFO: 2023/10/05 00:36:37 logger.go:36: successfully got the new MostRecentBlockNumber: 18278389
INFO: 2023/10/05 00:36:37 logger.go:36: successfully got block by block number, blockNumber: 18278389
INFO: 2023/10/05 00:36:38 logger.go:36: successfully got the new MostRecentBlockNumber: 18278389
INFO: 2023/10/05 00:36:40 logger.go:36: successfully got the new MostRecentBlockNumber: 18278389
INFO: 2023/10/05 00:36:41 logger.go:36: successfully got the new MostRecentBlockNumber: 18278389
INFO: 2023/10/05 00:36:42 logger.go:36: successfully got the new MostRecentBlockNumber: 18278389
INFO: 2023/10/05 00:36:44 logger.go:36: successfully got the new MostRecentBlockNumber: 18278389
INFO: 2023/10/05 00:36:45 logger.go:36: successfully got the new MostRecentBlockNumber: 18278389
INFO: 2023/10/05 00:36:46 logger.go:36: successfully got the new MostRecentBlockNumber: 18278389
INFO: 2023/10/05 00:36:48 logger.go:36: successfully got the new MostRecentBlockNumber: 18278389
INFO: 2023/10/05 00:36:49 logger.go:36: successfully got the new MostRecentBlockNumber: 18278390
INFO: 2023/10/05 00:36:50 logger.go:36: successfully got block by block number, blockNumber: 18278390
INFO: 2023/10/05 00:36:51 logger.go:36: successfully got the new MostRecentBlockNumber: 18278390
INFO: 2023/10/05 00:36:52 logger.go:36: successfully got the new MostRecentBlockNumber: 18278390
INFO: 2023/10/05 00:36:54 logger.go:36: successfully got the new MostRecentBlockNumber: 18278390
INFO: 2023/10/05 00:36:55 logger.go:36: successfully got the new MostRecentBlockNumber: 18278390
INFO: 2023/10/05 00:36:57 logger.go:36: successfully got the new MostRecentBlockNumber: 18278390
INFO: 2023/10/05 00:36:58 logger.go:36: successfully got the new MostRecentBlockNumber: 18278390
INFO: 2023/10/05 00:36:59 logger.go:36: successfully got the new MostRecentBlockNumber: 18278390
INFO: 2023/10/05 00:37:00 logger.go:36: successfully got the new MostRecentBlockNumber: 18278390
INFO: 2023/10/05 00:37:02 logger.go:36: successfully got the new MostRecentBlockNumber: 18278390
INFO: 2023/10/05 00:37:03 logger.go:36: successfully got the new MostRecentBlockNumber: 18278391
INFO: 2023/10/05 00:37:03 logger.go:36: successfully got block by block number, blockNumber: 18278391
INFO: 2023/10/05 00:37:08 logger.go:36: successfully got the new MostRecentBlockNumber: 18278391
INFO: 2023/10/05 00:37:09 logger.go:36: successfully got block by block number, blockNumber: 18278391
INFO: 2023/10/05 00:37:10 logger.go:36: successfully got the new MostRecentBlockNumber: 18278391
INFO: 2023/10/05 00:37:11 logger.go:36: successfully got the new MostRecentBlockNumber: 18278391
INFO: 2023/10/05 00:37:13 logger.go:36: successfully got the new MostRecentBlockNumber: 18278391
INFO: 2023/10/05 00:37:14 logger.go:36: successfully got the new MostRecentBlockNumber: 18278392
INFO: 2023/10/05 00:37:15 logger.go:36: successfully got block by block number, blockNumber: 18278392
INFO: 2023/10/05 00:37:16 logger.go:36: successfully got the new MostRecentBlockNumber: 18278392
INFO: 2023/10/05 00:37:18 logger.go:36: successfully got the new MostRecentBlockNumber: 18278392
INFO: 2023/10/05 00:38:46 logger.go:36: successfully got the new MostRecentBlockNumber: 18278399
INFO: 2023/10/05 00:38:47 logger.go:36: successfully got block by block number, blockNumber: 18278399
INFO: 2023/10/05 00:38:48 logger.go:36: successfully got the new MostRecentBlockNumber: 18278399
INFO: 2023/10/05 00:38:49 logger.go:36: successfully got the new MostRecentBlockNumber: 18278399
INFO: 2023/10/05 00:38:50 logger.go:36: successfully got the new MostRecentBlockNumber: 18278400
INFO: 2023/10/05 00:38:51 logger.go:36: successfully got block by block number, blockNumber: 18278400
INFO: 2023/10/05 00:38:52 logger.go:36: successfully got the new MostRecentBlockNumber: 18278400
INFO: 2023/10/05 00:38:54 logger.go:36: successfully got the new MostRecentBlockNumber: 18278400
INFO: 2023/10/05 00:38:55 logger.go:36: successfully got the new MostRecentBlockNumber: 18278400
INFO: 2023/10/05 00:38:56 logger.go:36: successfully got the new MostRecentBlockNumber: 18278400
INFO: 2023/10/05 00:38:57 logger.go:36: successfully got the new MostRecentBlockNumber: 18278400
INFO: 2023/10/05 00:38:59 logger.go:36: successfully got the new MostRecentBlockNumber: 18278400
INFO: 2023/10/05 00:39:00 logger.go:36: successfully got the new MostRecentBlockNumber: 18278400
INFO: 2023/10/05 00:39:01 logger.go:36: successfully got the new MostRecentBlockNumber: 18278401
INFO: 2023/10/05 00:39:03 logger.go:36: successfully got block by block number, blockNumber: 18278401
INFO: 2023/10/05 00:39:04 logger.go:36: successfully got the new MostRecentBlockNumber: 18278401
INFO: 2023/10/05 00:39:05 logger.go:36: successfully got the new MostRecentBlockNumber: 18278401
INFO: 2023/10/05 00:39:07 logger.go:36: successfully got the new MostRecentBlockNumber: 18278401
INFO: 2023/10/05 00:39:08 logger.go:36: successfully got the new MostRecentBlockNumber: 18278401
INFO: 2023/10/05 00:39:09 logger.go:36: successfully got the new MostRecentBlockNumber: 18278401
INFO: 2023/10/05 00:39:10 logger.go:36: successfully got the new MostRecentBlockNumber: 18278401
INFO: 2023/10/05 00:39:11 logger.go:36: successfully got the new MostRecentBlockNumber: 18278401
INFO: 2023/10/05 00:39:13 logger.go:36: successfully got the new MostRecentBlockNumber: 18278401
INFO: 2023/10/05 00:39:14 logger.go:36: successfully got the new MostRecentBlockNumber: 18278401
INFO: 2023/10/05 00:39:15 logger.go:36: successfully got the new MostRecentBlockNumber: 18278402
INFO: 2023/10/05 00:39:17 logger.go:36: successfully got block by block number, blockNumber: 18278402
INFO: 2023/10/05 00:39:18 logger.go:36: successfully got the new MostRecentBlockNumber: 18278402
INFO: 2023/10/05 00:39:19 logger.go:36: successfully got the new MostRecentBlockNumber: 18278402
INFO: 2023/10/05 00:39:20 logger.go:36: successfully got the new MostRecentBlockNumber: 18278402
INFO: 2023/10/05 00:39:22 logger.go:36: successfully got the new MostRecentBlockNumber: 18278402
INFO: 2023/10/05 00:39:23 logger.go:36: successfully got the new MostRecentBlockNumber: 18278402
INFO: 2023/10/05 00:39:24 logger.go:36: successfully got the new MostRecentBlockNumber: 18278402
INFO: 2023/10/05 00:39:26 logger.go:36: successfully got the new MostRecentBlockNumber: 18278402
INFO: 2023/10/05 00:39:27 logger.go:36: successfully got the new MostRecentBlockNumber: 18278403
INFO: 2023/10/05 00:39:28 logger.go:36: successfully got block by block number, blockNumber: 18278403
INFO: 2023/10/05 00:39:29 logger.go:36: successfully got the new MostRecentBlockNumber: 18278403
INFO: 2023/10/05 00:39:30 logger.go:36: successfully got the new MostRecentBlockNumber: 18278403
INFO: 2023/10/05 00:39:31 logger.go:36: successfully got the new MostRecentBlockNumber: 18278403
INFO: 2023/10/05 00:39:33 logger.go:36: successfully got the new MostRecentBlockNumber: 18278403
INFO: 2023/10/05 00:39:34 logger.go:36: successfully got the new MostRecentBlockNumber: 18278403
INFO: 2023/10/05 00:39:35 logger.go:36: successfully got the new MostRecentBlockNumber: 18278403
INFO: 2023/10/05 00:39:36 logger.go:36: successfully got the new MostRecentBlockNumber: 18278403
INFO: 2023/10/05 00:39:38 logger.go:36: successfully got the new MostRecentBlockNumber: 18278404
INFO: 2023/10/05 00:39:39 logger.go:36: successfully got block by block number, blockNumber: 18278404
INFO: 2023/10/05 00:39:40 logger.go:36: successfully got the new MostRecentBlockNumber: 18278404
INFO: 2023/10/05 00:39:41 logger.go:36: successfully got the new MostRecentBlockNumber: 18278404
INFO: 2023/10/05 00:39:43 logger.go:36: successfully got the new MostRecentBlockNumber: 18278404
INFO: 2023/10/05 00:39:44 logger.go:36: successfully got the new MostRecentBlockNumber: 18278404
INFO: 2023/10/05 00:39:45 logger.go:36: successfully got the new MostRecentBlockNumber: 18278404
INFO: 2023/10/05 00:39:47 logger.go:36: successfully got the new MostRecentBlockNumber: 18278404
INFO: 2023/10/05 00:39:48 logger.go:36: successfully got the new MostRecentBlockNumber: 18278404
INFO: 2023/10/05 00:39:49 logger.go:36: successfully got the new MostRecentBlockNumber: 18278405
INFO: 2023/10/05 00:39:52 logger.go:36: successfully got block by block number, blockNumber: 18278405
INFO: 2023/10/05 00:39:53 logger.go:36: successfully got the new MostRecentBlockNumber: 18278405
INFO: 2023/10/05 00:39:54 logger.go:36: successfully got the new MostRecentBlockNumber: 18278405
INFO: 2023/10/05 00:39:55 logger.go:36: successfully got the new MostRecentBlockNumber: 18278405
INFO: 2023/10/05 00:39:57 logger.go:36: successfully got the new MostRecentBlockNumber: 18278405
INFO: 2023/10/05 00:39:58 logger.go:36: successfully got the new MostRecentBlockNumber: 18278405
INFO: 2023/10/05 00:39:59 logger.go:36: successfully got the new MostRecentBlockNumber: 18278405
INFO: 2023/10/05 00:40:01 logger.go:36: successfully got the new MostRecentBlockNumber: 18278405
INFO: 2023/10/05 00:40:02 logger.go:36: successfully got the new MostRecentBlockNumber: 18278405
INFO: 2023/10/05 00:40:03 logger.go:36: successfully got the new MostRecentBlockNumber: 18278406
INFO: 2023/10/05 00:40:04 logger.go:36: successfully got block by block number, blockNumber: 18278406
INFO: 2023/10/05 00:40:05 logger.go:36: successfully got the new MostRecentBlockNumber: 18278406
INFO: 2023/10/05 00:40:06 logger.go:36: successfully got the new MostRecentBlockNumber: 18278406
INFO: 2023/10/05 00:40:07 logger.go:36: successfully got the new MostRecentBlockNumber: 18278406
INFO: 2023/10/05 00:40:09 logger.go:36: successfully got the new MostRecentBlockNumber: 18278406
INFO: 2023/10/05 00:40:10 logger.go:36: successfully got the new MostRecentBlockNumber: 18278406
INFO: 2023/10/05 00:40:11 logger.go:36: successfully got the new MostRecentBlockNumber: 18278406
INFO: 2023/10/05 00:40:12 logger.go:36: successfully got the new MostRecentBlockNumber: 18278406
INFO: 2023/10/05 00:40:14 logger.go:36: successfully got the new MostRecentBlockNumber: 18278406
INFO: 2023/10/05 00:40:15 logger.go:36: successfully got the new MostRecentBlockNumber: 18278407
INFO: 2023/10/05 00:40:16 logger.go:36: successfully got block by block number, blockNumber: 18278407
INFO: 2023/10/05 00:40:17 logger.go:36: successfully got the new MostRecentBlockNumber: 18278407
INFO: 2023/10/05 00:40:19 logger.go:36: successfully got the new MostRecentBlockNumber: 18278407
INFO: 2023/10/05 00:40:20 logger.go:36: successfully got the new MostRecentBlockNumber: 18278407
INFO: 2023/10/05 00:40:22 logger.go:36: successfully got the new MostRecentBlockNumber: 18278407
INFO: 2023/10/05 00:40:23 logger.go:36: successfully got the new MostRecentBlockNumber: 18278407
INFO: 2023/10/05 00:40:24 logger.go:36: successfully got the new MostRecentBlockNumber: 18278407
INFO: 2023/10/05 00:40:25 logger.go:36: successfully got the new MostRecentBlockNumber: 18278407
INFO: 2023/10/05 00:40:27 logger.go:36: successfully got the new MostRecentBlockNumber: 18278408
INFO: 2023/10/05 00:40:34 logger.go:36: successfully got block by block number, blockNumber: 18278408
INFO: 2023/10/05 00:40:35 logger.go:36: successfully got the new MostRecentBlockNumber: 18278408
INFO: 2023/10/05 00:40:37 logger.go:36: successfully got the new MostRecentBlockNumber: 18278408
INFO: 2023/10/05 00:40:39 logger.go:36: successfully got the new MostRecentBlockNumber: 18278409
WARNING: 2023/10/05 00:40:39 logger.go:32: error on getting block by block number, blockNumber: 18278409, errMsg: block not found, errCode: -32001
WARNING: 2023/10/05 00:40:39 logger.go:32: error on getting blockNumber by number, err: not found block number
INFO: 2023/10/05 00:40:41 logger.go:36: successfully got the new MostRecentBlockNumber: 18278409
INFO: 2023/10/05 00:40:42 logger.go:36: successfully got block by block number, blockNumber: 18278409
INFO: 2023/10/05 00:40:43 logger.go:36: successfully got the new MostRecentBlockNumber: 18278409
INFO: 2023/10/05 00:40:44 logger.go:36: successfully got the new MostRecentBlockNumber: 18278409
INFO: 2023/10/05 00:40:45 logger.go:36: successfully got the new MostRecentBlockNumber: 18278409
INFO: 2023/10/05 00:40:47 logger.go:36: successfully got the new MostRecentBlockNumber: 18278409
INFO: 2023/10/05 00:40:50 logger.go:36: successfully got the new MostRecentBlockNumber: 18278410
INFO: 2023/10/05 00:40:51 logger.go:36: successfully got block by block number, blockNumber: 18278410
INFO: 2023/10/05 00:40:52 logger.go:36: successfully got the new MostRecentBlockNumber: 18278410
INFO: 2023/10/05 00:40:54 logger.go:36: successfully got the new MostRecentBlockNumber: 18278410
INFO: 2023/10/05 00:40:55 logger.go:36: successfully got the new MostRecentBlockNumber: 18278410
INFO: 2023/10/05 00:40:56 logger.go:36: successfully got the new MostRecentBlockNumber: 18278410
INFO: 2023/10/05 00:40:57 logger.go:36: successfully got the new MostRecentBlockNumber: 18278410
INFO: 2023/10/05 00:40:59 logger.go:36: successfully got the new MostRecentBlockNumber: 18278410
INFO: 2023/10/05 00:41:00 logger.go:36: successfully got the new MostRecentBlockNumber: 18278410
INFO: 2023/10/05 00:41:01 logger.go:36: successfully got the new MostRecentBlockNumber: 18278410
INFO: 2023/10/05 00:41:02 logger.go:36: successfully got the new MostRecentBlockNumber: 18278411
INFO: 2023/10/05 00:41:03 logger.go:36: successfully got block by block number, blockNumber: 18278411
INFO: 2023/10/05 00:41:04 logger.go:36: successfully got the new MostRecentBlockNumber: 18278411
INFO: 2023/10/05 00:41:06 logger.go:36: successfully got the new MostRecentBlockNumber: 18278411
INFO: 2023/10/05 00:41:07 logger.go:36: successfully got the new MostRecentBlockNumber: 18278411
INFO: 2023/10/05 00:41:08 logger.go:36: successfully got the new MostRecentBlockNumber: 18278411
INFO: 2023/10/05 00:41:09 logger.go:36: successfully got the new MostRecentBlockNumber: 18278411
INFO: 2023/10/05 00:41:10 logger.go:36: successfully got the new MostRecentBlockNumber: 18278411
INFO: 2023/10/05 00:41:12 logger.go:36: successfully got the new MostRecentBlockNumber: 18278411
INFO: 2023/10/05 00:41:13 logger.go:36: successfully got the new MostRecentBlockNumber: 18278412
INFO: 2023/10/05 00:41:16 logger.go:36: successfully got block by block number, blockNumber: 18278412
INFO: 2023/10/05 00:41:17 logger.go:36: successfully got the new MostRecentBlockNumber: 18278412
INFO: 2023/10/05 00:41:19 logger.go:36: successfully got the new MostRecentBlockNumber: 18278412
INFO: 2023/10/05 00:41:20 logger.go:36: successfully got the new MostRecentBlockNumber: 18278412
INFO: 2023/10/05 00:41:21 logger.go:36: successfully got the new MostRecentBlockNumber: 18278412
INFO: 2023/10/05 00:41:23 logger.go:36: successfully got the new MostRecentBlockNumber: 18278412
INFO: 2023/10/05 00:41:24 logger.go:36: successfully got the new MostRecentBlockNumber: 18278412
INFO: 2023/10/05 00:41:25 logger.go:36: successfully got the new MostRecentBlockNumber: 18278413
INFO: 2023/10/05 00:41:26 logger.go:36: successfully got block by block number, blockNumber: 18278413
INFO: 2023/10/05 00:41:28 logger.go:36: successfully got the new MostRecentBlockNumber: 18278413
INFO: 2023/10/05 00:41:29 logger.go:36: successfully got the new MostRecentBlockNumber: 18278413
INFO: 2023/10/05 00:41:30 logger.go:36: successfully got the new MostRecentBlockNumber: 18278413
INFO: 2023/10/05 00:41:31 logger.go:36: successfully got the new MostRecentBlockNumber: 18278413
INFO: 2023/10/05 00:41:33 logger.go:36: successfully got the new MostRecentBlockNumber: 18278413
INFO: 2023/10/05 00:41:34 logger.go:36: successfully got the new MostRecentBlockNumber: 18278413
INFO: 2023/10/05 00:41:35 logger.go:36: successfully got the new MostRecentBlockNumber: 18278413
INFO: 2023/10/05 00:41:36 logger.go:36: successfully got the new MostRecentBlockNumber: 18278413
INFO: 2023/10/05 00:41:38 logger.go:36: successfully got the new MostRecentBlockNumber: 18278413
INFO: 2023/10/05 00:41:39 logger.go:36: successfully got the new MostRecentBlockNumber: 18278414
INFO: 2023/10/05 00:41:40 logger.go:36: successfully got block by block number, blockNumber: 18278414
INFO: 2023/10/05 00:41:41 logger.go:36: successfully got the new MostRecentBlockNumber: 18278414
INFO: 2023/10/05 00:41:43 logger.go:36: successfully got the new MostRecentBlockNumber: 18278414
INFO: 2023/10/05 00:41:44 logger.go:36: successfully got the new MostRecentBlockNumber: 18278414
INFO: 2023/10/05 00:41:46 logger.go:36: successfully got the new MostRecentBlockNumber: 18278414
INFO: 2023/10/05 00:41:47 logger.go:36: successfully got the new MostRecentBlockNumber: 18278414
INFO: 2023/10/05 00:41:48 logger.go:36: successfully got the new MostRecentBlockNumber: 18278414
INFO: 2023/10/05 00:41:50 logger.go:36: successfully got the new MostRecentBlockNumber: 18278415
INFO: 2023/10/05 00:41:51 logger.go:36: successfully got block by block number, blockNumber: 18278415
INFO: 2023/10/05 00:41:52 logger.go:36: successfully got the new MostRecentBlockNumber: 18278415
INFO: 2023/10/05 00:41:53 logger.go:36: successfully got the new MostRecentBlockNumber: 18278415
INFO: 2023/10/05 00:41:55 logger.go:36: successfully got the new MostRecentBlockNumber: 18278415
INFO: 2023/10/05 00:41:56 logger.go:36: successfully got the new MostRecentBlockNumber: 18278415
INFO: 2023/10/05 00:41:57 logger.go:36: successfully got the new MostRecentBlockNumber: 18278415
INFO: 2023/10/05 00:41:58 logger.go:36: successfully got the new MostRecentBlockNumber: 18278415
INFO: 2023/10/05 00:42:00 logger.go:36: successfully got the new MostRecentBlockNumber: 18278415
INFO: 2023/10/05 00:42:01 logger.go:36: successfully got the new MostRecentBlockNumber: 18278415
INFO: 2023/10/05 00:42:02 logger.go:36: successfully got the new MostRecentBlockNumber: 18278415
INFO: 2023/10/05 00:42:03 logger.go:36: successfully got the new MostRecentBlockNumber: 18278416
INFO: 2023/10/05 00:42:04 logger.go:36: successfully got block by block number, blockNumber: 18278416
INFO: 2023/10/05 00:42:05 logger.go:36: successfully got the new MostRecentBlockNumber: 18278416
INFO: 2023/10/05 00:42:07 logger.go:36: successfully got the new MostRecentBlockNumber: 18278416
INFO: 2023/10/05 00:42:08 logger.go:36: successfully got the new MostRecentBlockNumber: 18278416
INFO: 2023/10/05 00:42:09 logger.go:36: successfully got the new MostRecentBlockNumber: 18278416
INFO: 2023/10/05 00:42:10 logger.go:36: successfully got the new MostRecentBlockNumber: 18278416
INFO: 2023/10/05 00:42:12 logger.go:36: successfully got the new MostRecentBlockNumber: 18278416
INFO: 2023/10/05 00:42:13 logger.go:36: successfully got the new MostRecentBlockNumber: 18278416
INFO: 2023/10/05 00:42:14 logger.go:36: successfully got the new MostRecentBlockNumber: 18278417
INFO: 2023/10/05 00:42:17 logger.go:36: successfully got block by block number, blockNumber: 18278417
INFO: 2023/10/05 00:42:19 logger.go:36: successfully got the new MostRecentBlockNumber: 18278417
INFO: 2023/10/05 00:42:20 logger.go:36: successfully got the new MostRecentBlockNumber: 18278417
INFO: 2023/10/05 00:42:21 logger.go:36: successfully got the new MostRecentBlockNumber: 18278417
INFO: 2023/10/05 00:42:22 logger.go:36: successfully got the new MostRecentBlockNumber: 18278417
INFO: 2023/10/05 00:42:24 logger.go:36: successfully got the new MostRecentBlockNumber: 18278417
INFO: 2023/10/05 00:42:25 logger.go:36: successfully got the new MostRecentBlockNumber: 18278417
INFO: 2023/10/05 00:42:27 logger.go:36: successfully got the new MostRecentBlockNumber: 18278418
INFO: 2023/10/05 00:42:27 logger.go:36: successfully got block by block number, blockNumber: 18278418
INFO: 2023/10/05 00:42:28 logger.go:36: successfully got the new MostRecentBlockNumber: 18278418
INFO: 2023/10/05 00:42:30 logger.go:36: successfully got the new MostRecentBlockNumber: 18278418
INFO: 2023/10/05 00:42:31 logger.go:36: successfully got the new MostRecentBlockNumber: 18278418
INFO: 2023/10/05 00:42:33 logger.go:36: successfully got the new MostRecentBlockNumber: 18278418
INFO: 2023/10/05 00:42:34 logger.go:36: successfully got the new MostRecentBlockNumber: 18278418
INFO: 2023/10/05 00:42:35 logger.go:36: successfully got the new MostRecentBlockNumber: 18278418
INFO: 2023/10/05 00:42:36 logger.go:36: successfully got the new MostRecentBlockNumber: 18278418
INFO: 2023/10/05 00:42:38 logger.go:36: successfully got the new MostRecentBlockNumber: 18278418
INFO: 2023/10/05 00:42:39 logger.go:36: successfully got the new MostRecentBlockNumber: 18278419
INFO: 2023/10/05 00:42:41 logger.go:36: successfully got block by block number, blockNumber: 18278419
INFO: 2023/10/05 00:42:43 logger.go:36: successfully got the new MostRecentBlockNumber: 18278419
INFO: 2023/10/05 00:42:44 logger.go:36: successfully got the new MostRecentBlockNumber: 18278419
INFO: 2023/10/05 00:42:45 logger.go:36: successfully got the new MostRecentBlockNumber: 18278419
INFO: 2023/10/05 00:42:47 logger.go:36: successfully got the new MostRecentBlockNumber: 18278419
INFO: 2023/10/05 00:42:48 logger.go:36: successfully got the new MostRecentBlockNumber: 18278419
INFO: 2023/10/05 00:42:50 logger.go:36: successfully got the new MostRecentBlockNumber: 18278420
WARNING: 2023/10/05 00:42:50 logger.go:32: error on getting block by block number, blockNumber: 18278420, errMsg: block not found, errCode: -32001
WARNING: 2023/10/05 00:42:50 logger.go:32: error on getting blockNumber by number, err: not found block number
INFO: 2023/10/05 00:42:51 logger.go:36: successfully got the new MostRecentBlockNumber: 18278420
INFO: 2023/10/05 00:42:52 logger.go:36: successfully got block by block number, blockNumber: 18278420
INFO: 2023/10/05 00:42:53 logger.go:36: successfully got the new MostRecentBlockNumber: 18278420
INFO: 2023/10/05 00:42:55 logger.go:36: successfully got the new MostRecentBlockNumber: 18278420
INFO: 2023/10/05 00:42:56 logger.go:36: successfully got the new MostRecentBlockNumber: 18278420
INFO: 2023/10/05 00:42:58 logger.go:36: successfully got the new MostRecentBlockNumber: 18278420
INFO: 2023/10/05 00:42:59 logger.go:36: successfully got the new MostRecentBlockNumber: 18278420
INFO: 2023/10/05 00:43:00 logger.go:36: successfully got the new MostRecentBlockNumber: 18278420
INFO: 2023/10/05 00:43:01 logger.go:36: successfully got the new MostRecentBlockNumber: 18278420
INFO: 2023/10/05 00:43:03 logger.go:36: successfully got the new MostRecentBlockNumber: 18278420
INFO: 2023/10/05 00:43:04 logger.go:36: successfully got the new MostRecentBlockNumber: 18278420
INFO: 2023/10/05 00:43:05 logger.go:36: successfully got the new MostRecentBlockNumber: 18278420
INFO: 2023/10/05 00:43:06 logger.go:36: successfully got the new MostRecentBlockNumber: 18278420
INFO: 2023/10/05 00:43:08 logger.go:36: successfully got the new MostRecentBlockNumber: 18278420
INFO: 2023/10/05 00:43:09 logger.go:36: successfully got the new MostRecentBlockNumber: 18278420
INFO: 2023/10/05 00:43:10 logger.go:36: successfully got the new MostRecentBlockNumber: 18278420
INFO: 2023/10/05 00:43:11 logger.go:36: successfully got the new MostRecentBlockNumber: 18278420
INFO: 2023/10/05 00:43:13 logger.go:36: successfully got the new MostRecentBlockNumber: 18278420
INFO: 2023/10/05 00:43:14 logger.go:36: successfully got the new MostRecentBlockNumber: 18278420
INFO: 2023/10/05 00:43:15 logger.go:36: successfully got the new MostRecentBlockNumber: 18278421
INFO: 2023/10/05 00:43:16 logger.go:36: successfully got block by block number, blockNumber: 18278421
INFO: 2023/10/05 00:43:17 logger.go:36: successfully got the new MostRecentBlockNumber: 18278421
INFO: 2023/10/05 00:43:19 logger.go:36: successfully got the new MostRecentBlockNumber: 18278421
INFO: 2023/10/05 00:43:20 logger.go:36: successfully got the new MostRecentBlockNumber: 18278421
INFO: 2023/10/05 00:43:21 logger.go:36: successfully got the new MostRecentBlockNumber: 18278421
INFO: 2023/10/05 00:43:22 logger.go:36: successfully got the new MostRecentBlockNumber: 18278421
INFO: 2023/10/05 00:43:24 logger.go:36: successfully got the new MostRecentBlockNumber: 18278421
INFO: 2023/10/05 00:43:25 logger.go:36: successfully got the new MostRecentBlockNumber: 18278421
INFO: 2023/10/05 00:43:26 logger.go:36: successfully got the new MostRecentBlockNumber: 18278422
INFO: 2023/10/05 00:43:27 logger.go:36: successfully got block by block number, blockNumber: 18278422
INFO: 2023/10/05 00:43:28 logger.go:36: successfully got the new MostRecentBlockNumber: 18278422
INFO: 2023/10/05 00:43:29 logger.go:36: successfully got the new MostRecentBlockNumber: 18278422
INFO: 2023/10/05 00:43:31 logger.go:36: successfully got the new MostRecentBlockNumber: 18278422
INFO: 2023/10/05 00:43:32 logger.go:36: successfully got the new MostRecentBlockNumber: 18278422
INFO: 2023/10/05 00:43:33 logger.go:36: successfully got the new MostRecentBlockNumber: 18278422
INFO: 2023/10/05 00:43:34 logger.go:36: successfully got the new MostRecentBlockNumber: 18278422
INFO: 2023/10/05 00:43:36 logger.go:36: successfully got the new MostRecentBlockNumber: 18278422
INFO: 2023/10/05 00:43:37 logger.go:36: successfully got the new MostRecentBlockNumber: 18278422
INFO: 2023/10/05 00:43:38 logger.go:36: successfully got the new MostRecentBlockNumber: 18278423
INFO: 2023/10/05 00:43:42 logger.go:36: successfully got block by block number, blockNumber: 18278423
INFO: 2023/10/05 00:43:43 logger.go:36: successfully got the new MostRecentBlockNumber: 18278423
INFO: 2023/10/05 00:43:44 logger.go:36: successfully got the new MostRecentBlockNumber: 18278423
INFO: 2023/10/05 00:43:45 logger.go:36: successfully got the new MostRecentBlockNumber: 18278423
INFO: 2023/10/05 00:43:47 logger.go:36: successfully got the new MostRecentBlockNumber: 18278423
INFO: 2023/10/05 00:43:48 logger.go:36: successfully got the new MostRecentBlockNumber: 18278423
INFO: 2023/10/05 00:43:49 logger.go:36: successfully got the new MostRecentBlockNumber: 18278424
INFO: 2023/10/05 00:43:50 logger.go:36: successfully got block by block number, blockNumber: 18278424
INFO: 2023/10/05 00:43:51 logger.go:36: successfully got the new MostRecentBlockNumber: 18278424
INFO: 2023/10/05 00:43:52 logger.go:36: successfully got the new MostRecentBlockNumber: 18278424
INFO: 2023/10/05 00:43:54 logger.go:36: successfully got the new MostRecentBlockNumber: 18278424
INFO: 2023/10/05 00:43:55 logger.go:36: successfully got the new MostRecentBlockNumber: 18278424
INFO: 2023/10/05 00:43:56 logger.go:36: successfully got the new MostRecentBlockNumber: 18278424
INFO: 2023/10/05 00:43:57 logger.go:36: successfully got the new MostRecentBlockNumber: 18278424
INFO: 2023/10/05 00:43:59 logger.go:36: successfully got the new MostRecentBlockNumber: 18278424
INFO: 2023/10/05 00:44:00 logger.go:36: successfully got the new MostRecentBlockNumber: 18278424
INFO: 2023/10/05 00:44:02 logger.go:36: successfully got the new MostRecentBlockNumber: 18278425
INFO: 2023/10/05 00:44:03 logger.go:36: successfully got block by block number, blockNumber: 18278425
INFO: 2023/10/05 00:44:05 logger.go:36: successfully got the new MostRecentBlockNumber: 18278425
INFO: 2023/10/05 00:44:06 logger.go:36: successfully got the new MostRecentBlockNumber: 18278425
INFO: 2023/10/05 00:44:07 logger.go:36: successfully got the new MostRecentBlockNumber: 18278425
INFO: 2023/10/05 00:44:08 logger.go:36: successfully got the new MostRecentBlockNumber: 18278425
INFO: 2023/10/05 00:44:10 logger.go:36: successfully got the new MostRecentBlockNumber: 18278425
INFO: 2023/10/05 00:44:11 logger.go:36: successfully got the new MostRecentBlockNumber: 18278425
INFO: 2023/10/05 00:44:13 logger.go:36: successfully got the new MostRecentBlockNumber: 18278425
INFO: 2023/10/05 00:44:14 logger.go:36: successfully got the new MostRecentBlockNumber: 18278426
INFO: 2023/10/05 00:44:14 logger.go:36: successfully got block by block number, blockNumber: 18278426
INFO: 2023/10/05 00:44:16 logger.go:36: successfully got the new MostRecentBlockNumber: 18278426
INFO: 2023/10/05 00:44:17 logger.go:36: successfully got the new MostRecentBlockNumber: 18278426
INFO: 2023/10/05 00:44:19 logger.go:36: successfully got the new MostRecentBlockNumber: 18278426
INFO: 2023/10/05 00:44:20 logger.go:36: successfully got the new MostRecentBlockNumber: 18278426
INFO: 2023/10/05 00:44:21 logger.go:36: successfully got the new MostRecentBlockNumber: 18278426
INFO: 2023/10/05 00:44:22 logger.go:36: successfully got the new MostRecentBlockNumber: 18278426
INFO: 2023/10/05 00:44:24 logger.go:36: successfully got the new MostRecentBlockNumber: 18278426
INFO: 2023/10/05 00:44:25 logger.go:36: successfully got the new MostRecentBlockNumber: 18278426
INFO: 2023/10/05 00:44:26 logger.go:36: successfully got the new MostRecentBlockNumber: 18278427
INFO: 2023/10/05 00:44:28 logger.go:36: successfully got block by block number, blockNumber: 18278427
INFO: 2023/10/05 00:44:29 logger.go:36: successfully got the new MostRecentBlockNumber: 18278427
INFO: 2023/10/05 00:44:31 logger.go:36: successfully got the new MostRecentBlockNumber: 18278427
INFO: 2023/10/05 00:44:32 logger.go:36: successfully got the new MostRecentBlockNumber: 18278427
INFO: 2023/10/05 00:44:33 logger.go:36: successfully got the new MostRecentBlockNumber: 18278427
INFO: 2023/10/05 00:44:34 logger.go:36: successfully got the new MostRecentBlockNumber: 18278427
INFO: 2023/10/05 00:44:36 logger.go:36: successfully got the new MostRecentBlockNumber: 18278427
INFO: 2023/10/05 00:44:37 logger.go:36: successfully got the new MostRecentBlockNumber: 18278427
INFO: 2023/10/05 00:44:38 logger.go:36: successfully got the new MostRecentBlockNumber: 18278427
INFO: 2023/10/05 00:44:39 logger.go:36: successfully got the new MostRecentBlockNumber: 18278427
INFO: 2023/10/05 00:44:41 logger.go:36: successfully got the new MostRecentBlockNumber: 18278428
INFO: 2023/10/05 00:44:41 logger.go:36: successfully got block by block number, blockNumber: 18278428
INFO: 2023/10/05 00:44:43 logger.go:36: successfully got the new MostRecentBlockNumber: 18278428
INFO: 2023/10/05 00:44:44 logger.go:36: successfully got the new MostRecentBlockNumber: 18278428
INFO: 2023/10/05 00:44:46 logger.go:36: successfully got the new MostRecentBlockNumber: 18278428
INFO: 2023/10/05 00:44:47 logger.go:36: successfully got the new MostRecentBlockNumber: 18278428
INFO: 2023/10/05 00:44:48 logger.go:36: successfully got the new MostRecentBlockNumber: 18278428
INFO: 2023/10/05 00:44:49 logger.go:36: successfully got the new MostRecentBlockNumber: 18278428
INFO: 2023/10/05 00:44:51 logger.go:36: successfully got the new MostRecentBlockNumber: 18278429
INFO: 2023/10/05 00:44:51 logger.go:36: successfully got block by block number, blockNumber: 18278429
INFO: 2023/10/05 00:44:52 logger.go:36: successfully got the new MostRecentBlockNumber: 18278429
INFO: 2023/10/05 00:44:54 logger.go:36: successfully got the new MostRecentBlockNumber: 18278429
INFO: 2023/10/05 00:44:55 logger.go:36: successfully got the new MostRecentBlockNumber: 18278429
INFO: 2023/10/05 00:44:56 logger.go:36: successfully got the new MostRecentBlockNumber: 18278429
INFO: 2023/10/05 00:44:58 logger.go:36: successfully got the new MostRecentBlockNumber: 18278429
INFO: 2023/10/05 00:44:59 logger.go:36: successfully got the new MostRecentBlockNumber: 18278429
INFO: 2023/10/05 00:45:00 logger.go:36: successfully got the new MostRecentBlockNumber: 18278429
INFO: 2023/10/05 00:45:02 logger.go:36: successfully got the new MostRecentBlockNumber: 18278430
WARNING: 2023/10/05 00:45:02 logger.go:32: error on getting block by block number, blockNumber: 18278430, errMsg: block not found, errCode: -32001
WARNING: 2023/10/05 00:45:02 logger.go:32: error on getting blockNumber by number, err: not found block number
INFO: 2023/10/05 00:45:04 logger.go:36: successfully got the new MostRecentBlockNumber: 18278430
INFO: 2023/10/05 00:45:04 logger.go:36: successfully got block by block number, blockNumber: 18278430
INFO: 2023/10/05 00:45:05 logger.go:36: successfully got the new MostRecentBlockNumber: 18278430
INFO: 2023/10/05 00:45:07 logger.go:36: successfully got the new MostRecentBlockNumber: 18278430
INFO: 2023/10/05 00:45:08 logger.go:36: successfully got the new MostRecentBlockNumber: 18278430
INFO: 2023/10/05 00:45:09 logger.go:36: successfully got the new MostRecentBlockNumber: 18278430
INFO: 2023/10/05 00:45:10 logger.go:36: successfully got the new MostRecentBlockNumber: 18278430
INFO: 2023/10/05 00:45:12 logger.go:36: successfully got the new MostRecentBlockNumber: 18278430
INFO: 2023/10/05 00:45:13 logger.go:36: successfully got the new MostRecentBlockNumber: 18278430
INFO: 2023/10/05 00:45:14 logger.go:36: successfully got the new MostRecentBlockNumber: 18278431
INFO: 2023/10/05 00:45:15 logger.go:36: successfully got block by block number, blockNumber: 18278431
INFO: 2023/10/05 00:45:16 logger.go:36: successfully got the new MostRecentBlockNumber: 18278431
INFO: 2023/10/05 00:45:17 logger.go:36: successfully got the new MostRecentBlockNumber: 18278431
INFO: 2023/10/05 00:45:18 logger.go:36: successfully got the new MostRecentBlockNumber: 18278431
INFO: 2023/10/05 00:45:20 logger.go:36: successfully got the new MostRecentBlockNumber: 18278431
INFO: 2023/10/05 00:45:21 logger.go:36: successfully got the new MostRecentBlockNumber: 18278431
INFO: 2023/10/05 00:45:22 logger.go:36: successfully got the new MostRecentBlockNumber: 18278431
INFO: 2023/10/05 00:45:23 logger.go:36: successfully got the new MostRecentBlockNumber: 18278431
INFO: 2023/10/05 00:45:25 logger.go:36: successfully got the new MostRecentBlockNumber: 18278431
INFO: 2023/10/05 00:45:26 logger.go:36: successfully got the new MostRecentBlockNumber: 18278432
INFO: 2023/10/05 00:45:30 logger.go:36: successfully got block by block number, blockNumber: 18278432
INFO: 2023/10/05 00:45:31 logger.go:36: successfully got the new MostRecentBlockNumber: 18278432
INFO: 2023/10/05 00:45:33 logger.go:36: successfully got the new MostRecentBlockNumber: 18278432
INFO: 2023/10/05 00:45:34 logger.go:36: successfully got the new MostRecentBlockNumber: 18278432
INFO: 2023/10/05 00:45:35 logger.go:36: successfully got the new MostRecentBlockNumber: 18278432
INFO: 2023/10/05 00:45:36 logger.go:36: successfully got the new MostRecentBlockNumber: 18278432
INFO: 2023/10/05 00:45:37 logger.go:36: successfully got the new MostRecentBlockNumber: 18278433
INFO: 2023/10/05 00:45:38 logger.go:36: successfully got block by block number, blockNumber: 18278433
INFO: 2023/10/05 00:45:40 logger.go:36: successfully got the new MostRecentBlockNumber: 18278433
INFO: 2023/10/05 00:45:41 logger.go:36: successfully got the new MostRecentBlockNumber: 18278433
INFO: 2023/10/05 00:45:43 logger.go:36: successfully got the new MostRecentBlockNumber: 18278433
INFO: 2023/10/05 00:45:44 logger.go:36: successfully got the new MostRecentBlockNumber: 18278433
INFO: 2023/10/05 00:45:46 logger.go:36: successfully got the new MostRecentBlockNumber: 18278433
INFO: 2023/10/05 00:45:47 logger.go:36: successfully got the new MostRecentBlockNumber: 18278433
INFO: 2023/10/05 00:45:48 logger.go:36: successfully got the new MostRecentBlockNumber: 18278433
INFO: 2023/10/05 00:45:49 logger.go:36: successfully got the new MostRecentBlockNumber: 18278433
INFO: 2023/10/05 00:45:50 logger.go:36: successfully got the new MostRecentBlockNumber: 18278433
INFO: 2023/10/05 00:45:52 logger.go:36: successfully got the new MostRecentBlockNumber: 18278434
INFO: 2023/10/05 00:45:53 logger.go:36: successfully got block by block number, blockNumber: 18278434
INFO: 2023/10/05 00:45:54 logger.go:36: successfully got the new MostRecentBlockNumber: 18278434
INFO: 2023/10/05 00:45:56 logger.go:36: successfully got the new MostRecentBlockNumber: 18278434
INFO: 2023/10/05 00:45:57 logger.go:36: successfully got the new MostRecentBlockNumber: 18278434
INFO: 2023/10/05 00:45:58 logger.go:36: successfully got the new MostRecentBlockNumber: 18278434
INFO: 2023/10/05 00:45:59 logger.go:36: successfully got the new MostRecentBlockNumber: 18278434
INFO: 2023/10/05 00:46:01 logger.go:36: successfully got the new MostRecentBlockNumber: 18278434
INFO: 2023/10/05 00:46:02 logger.go:36: successfully got the new MostRecentBlockNumber: 18278434
INFO: 2023/10/05 00:46:03 logger.go:36: successfully got the new MostRecentBlockNumber: 18278435
INFO: 2023/10/05 00:46:07 logger.go:36: successfully got block by block number, blockNumber: 18278435
INFO: 2023/10/05 00:46:08 logger.go:36: successfully got the new MostRecentBlockNumber: 18278435
INFO: 2023/10/05 00:46:10 logger.go:36: successfully got the new MostRecentBlockNumber: 18278435
INFO: 2023/10/05 00:46:12 logger.go:36: successfully got the new MostRecentBlockNumber: 18278435
INFO: 2023/10/05 00:46:14 logger.go:36: successfully got the new MostRecentBlockNumber: 18278436
WARNING: 2023/10/05 00:46:14 logger.go:32: error on getting block by block number, blockNumber: 18278436, errMsg: block not found, errCode: -32001
WARNING: 2023/10/05 00:46:14 logger.go:32: error on getting blockNumber by number, err: not found block number
INFO: 2023/10/05 00:46:15 logger.go:36: successfully got the new MostRecentBlockNumber: 18278436
INFO: 2023/10/05 00:46:16 logger.go:36: successfully got block by block number, blockNumber: 18278436
INFO: 2023/10/05 00:46:17 logger.go:36: successfully got the new MostRecentBlockNumber: 18278436
INFO: 2023/10/05 00:46:18 logger.go:36: successfully got the new MostRecentBlockNumber: 18278436
INFO: 2023/10/05 00:46:20 logger.go:36: successfully got the new MostRecentBlockNumber: 18278436
INFO: 2023/10/05 00:46:21 logger.go:36: successfully got the new MostRecentBlockNumber: 18278436
INFO: 2023/10/05 00:46:22 logger.go:36: successfully got the new MostRecentBlockNumber: 18278436
INFO: 2023/10/05 00:46:24 logger.go:36: successfully got the new MostRecentBlockNumber: 18278436
INFO: 2023/10/05 00:46:25 logger.go:36: successfully got the new MostRecentBlockNumber: 18278436
INFO: 2023/10/05 00:46:26 logger.go:36: successfully got the new MostRecentBlockNumber: 18278437
INFO: 2023/10/05 00:46:27 logger.go:36: successfully got block by block number, blockNumber: 18278437
INFO: 2023/10/05 00:46:28 logger.go:36: successfully got the new MostRecentBlockNumber: 18278437
INFO: 2023/10/05 00:46:30 logger.go:36: successfully got the new MostRecentBlockNumber: 18278437
INFO: 2023/10/05 00:46:31 logger.go:36: successfully got the new MostRecentBlockNumber: 18278437
INFO: 2023/10/05 00:46:32 logger.go:36: successfully got the new MostRecentBlockNumber: 18278437
INFO: 2023/10/05 00:46:34 logger.go:36: successfully got the new MostRecentBlockNumber: 18278437
INFO: 2023/10/05 00:46:35 logger.go:36: successfully got the new MostRecentBlockNumber: 18278437
INFO: 2023/10/05 00:46:37 logger.go:36: successfully got the new MostRecentBlockNumber: 18278437
INFO: 2023/10/05 00:46:38 logger.go:36: successfully got the new MostRecentBlockNumber: 18278438
WARNING: 2023/10/05 00:46:38 logger.go:32: error on getting block by block number, blockNumber: 18278438, errMsg: block not found, errCode: -32001
WARNING: 2023/10/05 00:46:38 logger.go:32: error on getting blockNumber by number, err: not found block number
INFO: 2023/10/05 00:46:40 logger.go:36: successfully got the new MostRecentBlockNumber: 18278438
INFO: 2023/10/05 00:46:40 logger.go:36: successfully got block by block number, blockNumber: 18278438
INFO: 2023/10/05 00:46:41 logger.go:36: successfully got the new MostRecentBlockNumber: 18278438
INFO: 2023/10/05 00:46:43 logger.go:36: successfully got the new MostRecentBlockNumber: 18278438
INFO: 2023/10/05 00:46:44 logger.go:36: successfully got the new MostRecentBlockNumber: 18278438
INFO: 2023/10/05 00:46:45 logger.go:36: successfully got the new MostRecentBlockNumber: 18278438
INFO: 2023/10/05 00:46:47 logger.go:36: successfully got the new MostRecentBlockNumber: 18278438
INFO: 2023/10/05 00:46:48 logger.go:36: successfully got the new MostRecentBlockNumber: 18278438
INFO: 2023/10/05 00:46:49 logger.go:36: successfully got the new MostRecentBlockNumber: 18278438
INFO: 2023/10/05 00:46:50 logger.go:36: successfully got the new MostRecentBlockNumber: 18278439
INFO: 2023/10/05 00:46:52 logger.go:36: successfully got block by block number, blockNumber: 18278439
INFO: 2023/10/05 00:46:53 logger.go:36: successfully got the new MostRecentBlockNumber: 18278439
INFO: 2023/10/05 00:46:54 logger.go:36: successfully got the new MostRecentBlockNumber: 18278439
INFO: 2023/10/05 00:46:55 logger.go:36: successfully got the new MostRecentBlockNumber: 18278439
INFO: 2023/10/05 00:46:57 logger.go:36: successfully got the new MostRecentBlockNumber: 18278439
INFO: 2023/10/05 00:46:58 logger.go:36: successfully got the new MostRecentBlockNumber: 18278439
INFO: 2023/10/05 00:46:59 logger.go:36: successfully got the new MostRecentBlockNumber: 18278439
INFO: 2023/10/05 00:47:01 logger.go:36: successfully got the new MostRecentBlockNumber: 18278439
INFO: 2023/10/05 00:47:02 logger.go:36: successfully got the new MostRecentBlockNumber: 18278440
INFO: 2023/10/05 00:47:03 logger.go:36: successfully got block by block number, blockNumber: 18278440
INFO: 2023/10/05 00:47:04 logger.go:36: successfully got the new MostRecentBlockNumber: 18278440
INFO: 2023/10/05 00:47:05 logger.go:36: successfully got the new MostRecentBlockNumber: 18278440
INFO: 2023/10/05 00:47:07 logger.go:36: successfully got the new MostRecentBlockNumber: 18278440
INFO: 2023/10/05 00:47:08 logger.go:36: successfully got the new MostRecentBlockNumber: 18278440
INFO: 2023/10/05 00:47:09 logger.go:36: successfully got the new MostRecentBlockNumber: 18278440
INFO: 2023/10/05 00:47:10 logger.go:36: successfully got the new MostRecentBlockNumber: 18278440
INFO: 2023/10/05 00:47:12 logger.go:36: successfully got the new MostRecentBlockNumber: 18278440
INFO: 2023/10/05 00:47:13 logger.go:36: successfully got the new MostRecentBlockNumber: 18278441
INFO: 2023/10/05 00:47:15 logger.go:36: successfully got block by block number, blockNumber: 18278441
INFO: 2023/10/05 00:47:16 logger.go:36: successfully got the new MostRecentBlockNumber: 18278441
INFO: 2023/10/05 00:47:18 logger.go:36: successfully got the new MostRecentBlockNumber: 18278441
INFO: 2023/10/05 00:47:19 logger.go:36: successfully got the new MostRecentBlockNumber: 18278441
INFO: 2023/10/05 00:47:20 logger.go:36: successfully got the new MostRecentBlockNumber: 18278441
INFO: 2023/10/05 00:47:21 logger.go:36: successfully got the new MostRecentBlockNumber: 18278441
INFO: 2023/10/05 00:47:23 logger.go:36: successfully got the new MostRecentBlockNumber: 18278441
INFO: 2023/10/05 00:47:25 logger.go:36: successfully got the new MostRecentBlockNumber: 18278441
INFO: 2023/10/05 00:47:26 logger.go:36: successfully got the new MostRecentBlockNumber: 18278442
WARNING: 2023/10/05 00:47:27 logger.go:32: error on getting block by block number, blockNumber: 18278442, errMsg: block not found, errCode: -32001
WARNING: 2023/10/05 00:47:27 logger.go:32: error on getting blockNumber by number, err: not found block number
INFO: 2023/10/05 00:47:28 logger.go:36: successfully got the new MostRecentBlockNumber: 18278442
INFO: 2023/10/05 00:47:29 logger.go:36: successfully got block by block number, blockNumber: 18278442
INFO: 2023/10/05 00:47:31 logger.go:36: successfully got the new MostRecentBlockNumber: 18278442
INFO: 2023/10/05 00:47:32 logger.go:36: successfully got the new MostRecentBlockNumber: 18278442
INFO: 2023/10/05 00:47:33 logger.go:36: successfully got the new MostRecentBlockNumber: 18278442
INFO: 2023/10/05 00:47:34 logger.go:36: successfully got the new MostRecentBlockNumber: 18278442
INFO: 2023/10/05 00:47:36 logger.go:36: successfully got the new MostRecentBlockNumber: 18278442
INFO: 2023/10/05 00:47:37 logger.go:36: successfully got the new MostRecentBlockNumber: 18278443
INFO: 2023/10/05 00:47:38 logger.go:36: successfully got block by block number, blockNumber: 18278443
INFO: 2023/10/05 00:47:39 logger.go:36: successfully got the new MostRecentBlockNumber: 18278443
INFO: 2023/10/05 00:47:40 logger.go:36: successfully got the new MostRecentBlockNumber: 18278443
INFO: 2023/10/05 00:47:41 logger.go:36: successfully got the new MostRecentBlockNumber: 18278443
INFO: 2023/10/05 00:47:43 logger.go:36: successfully got the new MostRecentBlockNumber: 18278443
INFO: 2023/10/05 00:47:44 logger.go:36: successfully got the new MostRecentBlockNumber: 18278443
INFO: 2023/10/05 00:47:45 logger.go:36: successfully got the new MostRecentBlockNumber: 18278443
INFO: 2023/10/05 00:47:46 logger.go:36: successfully got the new MostRecentBlockNumber: 18278443
INFO: 2023/10/05 00:47:48 logger.go:36: successfully got the new MostRecentBlockNumber: 18278443
INFO: 2023/10/05 00:47:49 logger.go:36: successfully got the new MostRecentBlockNumber: 18278443
INFO: 2023/10/05 00:47:50 logger.go:36: successfully got the new MostRecentBlockNumber: 18278444
INFO: 2023/10/05 00:47:51 logger.go:36: successfully got block by block number, blockNumber: 18278444
INFO: 2023/10/05 00:47:52 logger.go:36: successfully got the new MostRecentBlockNumber: 18278444
INFO: 2023/10/05 00:47:53 logger.go:36: successfully got the new MostRecentBlockNumber: 18278444
INFO: 2023/10/05 00:47:54 logger.go:36: successfully got the new MostRecentBlockNumber: 18278444
INFO: 2023/10/05 00:47:56 logger.go:36: successfully got the new MostRecentBlockNumber: 18278444
INFO: 2023/10/05 00:47:57 logger.go:36: successfully got the new MostRecentBlockNumber: 18278444
INFO: 2023/10/05 00:47:58 logger.go:36: successfully got the new MostRecentBlockNumber: 18278444
INFO: 2023/10/05 00:47:59 logger.go:36: successfully got the new MostRecentBlockNumber: 18278444
INFO: 2023/10/05 00:48:01 logger.go:36: successfully got the new MostRecentBlockNumber: 18278444
INFO: 2023/10/05 00:48:02 logger.go:36: successfully got the new MostRecentBlockNumber: 18278444
INFO: 2023/10/05 00:48:03 logger.go:36: successfully got the new MostRecentBlockNumber: 18278445
INFO: 2023/10/05 00:48:04 logger.go:36: successfully got block by block number, blockNumber: 18278445
INFO: 2023/10/05 00:48:05 logger.go:36: successfully got the new MostRecentBlockNumber: 18278445
INFO: 2023/10/05 00:48:06 logger.go:36: successfully got the new MostRecentBlockNumber: 18278445
INFO: 2023/10/05 00:48:07 logger.go:36: successfully got the new MostRecentBlockNumber: 18278445
INFO: 2023/10/05 00:48:09 logger.go:36: successfully got the new MostRecentBlockNumber: 18278445
INFO: 2023/10/05 00:48:10 logger.go:36: successfully got the new MostRecentBlockNumber: 18278445
INFO: 2023/10/05 00:48:11 logger.go:36: successfully got the new MostRecentBlockNumber: 18278445
INFO: 2023/10/05 00:48:12 logger.go:36: successfully got the new MostRecentBlockNumber: 18278445
INFO: 2023/10/05 00:48:14 logger.go:36: successfully got the new MostRecentBlockNumber: 18278446
INFO: 2023/10/05 00:48:15 logger.go:36: successfully got block by block number, blockNumber: 18278446
INFO: 2023/10/05 00:48:16 logger.go:36: successfully got the new MostRecentBlockNumber: 18278446
INFO: 2023/10/05 00:48:17 logger.go:36: successfully got the new MostRecentBlockNumber: 18278446
INFO: 2023/10/05 00:48:19 logger.go:36: successfully got the new MostRecentBlockNumber: 18278446
INFO: 2023/10/05 00:48:20 logger.go:36: successfully got the new MostRecentBlockNumber: 18278446
INFO: 2023/10/05 00:48:21 logger.go:36: successfully got the new MostRecentBlockNumber: 18278446
INFO: 2023/10/05 00:48:22 logger.go:36: successfully got the new MostRecentBlockNumber: 18278446
INFO: 2023/10/05 00:48:24 logger.go:36: successfully got the new MostRecentBlockNumber: 18278446
INFO: 2023/10/05 00:48:25 logger.go:36: successfully got the new MostRecentBlockNumber: 18278446
INFO: 2023/10/05 00:48:26 logger.go:36: successfully got the new MostRecentBlockNumber: 18278447
INFO: 2023/10/05 00:48:27 logger.go:36: successfully got block by block number, blockNumber: 18278447
INFO: 2023/10/05 00:48:29 logger.go:36: successfully got the new MostRecentBlockNumber: 18278447
INFO: 2023/10/05 00:48:30 logger.go:36: successfully got the new MostRecentBlockNumber: 18278447
INFO: 2023/10/05 00:48:31 logger.go:36: successfully got the new MostRecentBlockNumber: 18278447
INFO: 2023/10/05 00:48:32 logger.go:36: successfully got the new MostRecentBlockNumber: 18278447
INFO: 2023/10/05 00:48:33 logger.go:36: successfully got the new MostRecentBlockNumber: 18278447
INFO: 2023/10/05 00:48:35 logger.go:36: successfully got the new MostRecentBlockNumber: 18278447
INFO: 2023/10/05 00:48:36 logger.go:36: successfully got the new MostRecentBlockNumber: 18278447
INFO: 2023/10/05 00:48:38 logger.go:36: successfully got the new MostRecentBlockNumber: 18278447
INFO: 2023/10/05 00:48:39 logger.go:36: successfully got the new MostRecentBlockNumber: 18278448
INFO: 2023/10/05 00:48:40 logger.go:36: successfully got block by block number, blockNumber: 18278448
INFO: 2023/10/05 00:48:41 logger.go:36: successfully got the new MostRecentBlockNumber: 18278448
INFO: 2023/10/05 00:48:43 logger.go:36: successfully got the new MostRecentBlockNumber: 18278448
INFO: 2023/10/05 00:48:44 logger.go:36: successfully got the new MostRecentBlockNumber: 18278448
INFO: 2023/10/05 00:48:45 logger.go:36: successfully got the new MostRecentBlockNumber: 18278448
INFO: 2023/10/05 00:48:46 logger.go:36: successfully got the new MostRecentBlockNumber: 18278448
INFO: 2023/10/05 00:48:48 logger.go:36: successfully got the new MostRecentBlockNumber: 18278448
INFO: 2023/10/05 00:48:49 logger.go:36: successfully got the new MostRecentBlockNumber: 18278448
INFO: 2023/10/05 00:48:50 logger.go:36: successfully got the new MostRecentBlockNumber: 18278448
INFO: 2023/10/05 00:48:51 logger.go:36: successfully got the new MostRecentBlockNumber: 18278449
INFO: 2023/10/05 00:48:52 logger.go:36: successfully got block by block number, blockNumber: 18278449
INFO: 2023/10/05 00:48:53 logger.go:36: successfully got the new MostRecentBlockNumber: 18278449
INFO: 2023/10/05 00:48:55 logger.go:36: successfully got the new MostRecentBlockNumber: 18278449
INFO: 2023/10/05 00:48:56 logger.go:36: successfully got the new MostRecentBlockNumber: 18278449
INFO: 2023/10/05 00:48:57 logger.go:36: successfully got the new MostRecentBlockNumber: 18278449
INFO: 2023/10/05 00:48:58 logger.go:36: successfully got the new MostRecentBlockNumber: 18278449
INFO: 2023/10/05 00:49:00 logger.go:36: successfully got the new MostRecentBlockNumber: 18278449
INFO: 2023/10/05 00:49:01 logger.go:36: successfully got the new MostRecentBlockNumber: 18278449
INFO: 2023/10/05 00:49:03 logger.go:36: successfully got the new MostRecentBlockNumber: 18278450
INFO: 2023/10/05 00:49:04 logger.go:36: successfully got block by block number, blockNumber: 18278450
INFO: 2023/10/05 00:49:05 logger.go:36: successfully got the new MostRecentBlockNumber: 18278450
INFO: 2023/10/05 00:49:07 logger.go:36: successfully got the new MostRecentBlockNumber: 18278450
INFO: 2023/10/05 00:49:08 logger.go:36: successfully got the new MostRecentBlockNumber: 18278450
INFO: 2023/10/05 00:49:10 logger.go:36: successfully got the new MostRecentBlockNumber: 18278450
